
> localfixProvider@0.0.1 start
> react-native start --port 8082

info Welcome to React Native v0.73
info Starting dev server on port 8082...

                        ▒▒▓▓▓▓▒▒
                     ▒▓▓▓▒▒░░▒▒▓▓▓▒
                  ▒▓▓▓▓░░░▒▒▒▒░░░▓▓▓▓▒
                 ▓▓▒▒▒▓▓▓▓▓▓▓▓▓▓▓▓▒▒▒▓▓
                 ▓▓░░░░░▒▓▓▓▓▓▓▒░░░░░▓▓
                 ▓▓░░▓▓▒░░░▒▒░░░▒▓▒░░▓▓
                 ▓▓░░▓▓▓▓▓▒▒▒▒▓▓▓▓▒░░▓▓
                 ▓▓░░▓▓▓▓▓▓▓▓▓▓▓▓▓▒░░▓▓
                 ▓▓▒░░▒▒▓▓▓▓▓▓▓▓▒░░░▒▓▓
                  ▒▓▓▓▒░░░▒▓▓▒░░░▒▓▓▓▒
                     ▒▓▓▓▒░░░░▒▓▓▓▒
                        ▒▒▓▓▓▓▒▒


                Welcome to Metro v0.80.12
              Fast - Scalable - Integrated


info React Native v0.84.1 is now available (your project is running on v0.73.6).
info Changelog: https://github.com/facebook/react-native/releases/tag/v0.84.1
info Diff: https://react-native-community.github.io/upgrade-helper/?from=0.84.1
info For more info, check out "https://reactnative.dev/docs/upgrading?os=windows".
info Dev server ready

i - run on iOS
a - run on Android
d - open Dev Menu
r - reload app

